[2026-07-21 23:00:43] [INFO] [root:52] Initialized application logging -> /Users/aryanyadav/Desktop/PROJECTS/Audit/logs/finauditpro.log
[2026-07-21 23:00:43] [ERROR] [document_intelligence.embedding_service:28] SentenceTransformer not available (No module named 'sentence_transformers'). Vector embedding capabilities disabled.
[2026-07-21 23:00:43] [WARNING] [reporting.pdf_generator:127] ReportLab not installed. Falling back to HTML/Text report output.
[2026-07-21 23:00:43] [WARNING] [reporting.excel_export:54] Pandas/OpenPyXL not available (No module named 'pandas'). Falling back to CSV export.
[2026-07-21 23:00:43] [INFO] [reporting.report_engine:117] Report Pack generated for Clean Co (ID: REP-1784655043) in 0.0s.
[2026-07-21 23:00:43] [ERROR] [document_intelligence.embedding_service:28] SentenceTransformer not available (No module named 'sentence_transformers'). Vector embedding capabilities disabled.
[2026-07-21 23:00:43] [ERROR] [security.crypto:32] cryptography package not installed. Cryptographic operations halted for security compliance.
[2026-07-21 23:00:43] [WARNING] [reporting.pdf_generator:127] ReportLab not installed. Falling back to HTML/Text report output.
[2026-07-21 23:00:43] [WARNING] [reporting.excel_export:54] Pandas/OpenPyXL not available (No module named 'pandas'). Falling back to CSV export.
[2026-07-21 23:00:43] [INFO] [reporting.report_engine:117] Report Pack generated for TechCorp Solutions (ID: REP-1784655043) in 0.0s.
[2026-07-21 23:00:43] [INFO] [rule_engine.rule_engine:54] Rule Engine evaluated 7 rules in 0.0005s. Failed: 3
[2026-07-21 23:00:43] [INFO] [rule_engine.rule_engine:54] Rule Engine evaluated 7 rules in 0.0003s. Failed: 3
[2026-07-21 23:00:43] [INFO] [rule_engine.rule_engine:54] Rule Engine evaluated 7 rules in 0.0003s. Failed: 2
[2026-07-21 23:00:43] [INFO] [rule_engine.rule_engine:54] Rule Engine evaluated 7 rules in 0.0003s. Failed: 3
[2026-07-21 23:00:43] [ERROR] [security.crypto:32] cryptography package not installed. Cryptographic operations halted for security compliance.
[2026-07-21 23:00:43] [INFO] [security.backup:70] Created compressed backup archive: BACKUP_20260721_173043.zip (0.00 MB)
[2026-07-21 23:00:43] [INFO] [security.audit_trail:69] [SECURITY AUDIT LOG] CREATE_CLIENT by user1@example.com (Partner) | Hash: ee8fd03f113df720...
[2026-07-21 23:00:43] [WARNING] [security.audit_trail:88] Failed to persist audit log to DB: No module named 'sqlalchemy'
[2026-07-21 23:00:43] [INFO] [security.audit_trail:69] [SECURITY AUDIT LOG] UPLOAD_DOC by user1@example.com (Partner) | Hash: dfea315df88602eb...
[2026-07-21 23:00:43] [WARNING] [security.audit_trail:88] Failed to persist audit log to DB: No module named 'sqlalchemy'
[2026-07-21 23:01:23] [INFO] [root:52] Initialized application logging -> /Users/aryanyadav/Desktop/PROJECTS/Audit/logs/finauditpro.log
[2026-07-21 23:01:23] [ERROR] [document_intelligence.embedding_service:28] SentenceTransformer not available (No module named 'sentence_transformers'). Vector embedding capabilities disabled.
[2026-07-21 23:01:23] [ERROR] [document_intelligence.embedding_service:28] SentenceTransformer not available (No module named 'sentence_transformers'). Vector embedding capabilities disabled.
[2026-07-21 23:01:23] [ERROR] [security.crypto:32] cryptography package not installed. Cryptographic operations halted for security compliance.
[2026-07-21 23:01:23] [WARNING] [reporting.pdf_generator:127] ReportLab not installed. Falling back to HTML/Text report output.
[2026-07-21 23:01:23] [WARNING] [reporting.excel_export:54] Pandas/OpenPyXL not available (No module named 'pandas'). Falling back to CSV export.
[2026-07-21 23:01:23] [INFO] [reporting.report_engine:117] Report Pack generated for TechCorp Solutions (ID: REP-1784655083) in 0.0s.
[2026-07-21 23:01:23] [INFO] [rule_engine.rule_engine:54] Rule Engine evaluated 7 rules in 0.0005s. Failed: 3
[2026-07-21 23:01:23] [INFO] [rule_engine.rule_engine:54] Rule Engine evaluated 7 rules in 0.0003s. Failed: 3
[2026-07-21 23:01:23] [INFO] [rule_engine.rule_engine:54] Rule Engine evaluated 7 rules in 0.0003s. Failed: 2
[2026-07-21 23:01:23] [INFO] [rule_engine.rule_engine:54] Rule Engine evaluated 7 rules in 0.0003s. Failed: 3
[2026-07-21 23:01:23] [ERROR] [security.crypto:32] cryptography package not installed. Cryptographic operations halted for security compliance.
[2026-07-21 23:01:23] [INFO] [security.backup:70] Created compressed backup archive: BACKUP_20260721_173123.zip (0.00 MB)
[2026-07-21 23:01:23] [INFO] [security.audit_trail:69] [SECURITY AUDIT LOG] CREATE_CLIENT by user1@example.com (Partner) | Hash: 8cc2d8aa204f8727...
[2026-07-21 23:01:23] [WARNING] [security.audit_trail:88] Failed to persist audit log to DB: No module named 'sqlalchemy'
[2026-07-21 23:01:23] [INFO] [security.audit_trail:69] [SECURITY AUDIT LOG] UPLOAD_DOC by user1@example.com (Partner) | Hash: 511aa7e22c2ce59f...
[2026-07-21 23:01:23] [WARNING] [security.audit_trail:88] Failed to persist audit log to DB: No module named 'sqlalchemy'
[2026-07-21 23:01:39] [INFO] [root:52] Initialized application logging -> /Users/aryanyadav/Desktop/PROJECTS/Audit/logs/finauditpro.log
[2026-07-21 23:01:39] [ERROR] [document_intelligence.embedding_service:28] SentenceTransformer not available (No module named 'sentence_transformers'). Vector embedding capabilities disabled.
[2026-07-21 23:01:39] [WARNING] [reporting.pdf_generator:127] ReportLab not installed. Falling back to HTML/Text report output.
[2026-07-21 23:01:39] [WARNING] [reporting.excel_export:54] Pandas/OpenPyXL not available (No module named 'pandas'). Falling back to CSV export.
[2026-07-21 23:01:39] [INFO] [reporting.report_engine:117] Report Pack generated for Clean Co (ID: REP-1784655099) in 0.0s.
[2026-07-21 23:01:39] [WARNING] [reporting.pdf_generator:127] ReportLab not installed. Falling back to HTML/Text report output.
[2026-07-21 23:01:39] [WARNING] [reporting.excel_export:54] Pandas/OpenPyXL not available (No module named 'pandas'). Falling back to CSV export.
[2026-07-21 23:01:39] [INFO] [reporting.report_engine:117] Report Pack generated for Fraud Co (ID: REP-1784655099) in 0.0s.
[2026-07-21 23:01:39] [ERROR] [document_intelligence.embedding_service:28] SentenceTransformer not available (No module named 'sentence_transformers'). Vector embedding capabilities disabled.
[2026-07-21 23:01:39] [ERROR] [security.crypto:32] cryptography package not installed. Cryptographic operations halted for security compliance.
[2026-07-21 23:01:39] [WARNING] [reporting.pdf_generator:127] ReportLab not installed. Falling back to HTML/Text report output.
[2026-07-21 23:01:39] [WARNING] [reporting.excel_export:54] Pandas/OpenPyXL not available (No module named 'pandas'). Falling back to CSV export.
[2026-07-21 23:01:39] [INFO] [reporting.report_engine:117] Report Pack generated for TechCorp Solutions (ID: REP-1784655099) in 0.0s.
[2026-07-21 23:01:39] [INFO] [rule_engine.rule_engine:54] Rule Engine evaluated 7 rules in 0.0004s. Failed: 3
[2026-07-21 23:01:39] [INFO] [rule_engine.rule_engine:54] Rule Engine evaluated 7 rules in 0.0003s. Failed: 3
[2026-07-21 23:01:39] [INFO] [rule_engine.rule_engine:54] Rule Engine evaluated 7 rules in 0.0003s. Failed: 2
[2026-07-21 23:01:39] [INFO] [rule_engine.rule_engine:54] Rule Engine evaluated 7 rules in 0.0003s. Failed: 3
[2026-07-21 23:01:39] [ERROR] [security.crypto:32] cryptography package not installed. Cryptographic operations halted for security compliance.
[2026-07-21 23:01:39] [INFO] [security.backup:70] Created compressed backup archive: BACKUP_20260721_173139.zip (0.00 MB)
[2026-07-21 23:01:39] [INFO] [security.audit_trail:69] [SECURITY AUDIT LOG] CREATE_CLIENT by user1@example.com (Partner) | Hash: f791852635f0235b...
[2026-07-21 23:01:39] [WARNING] [security.audit_trail:88] Failed to persist audit log to DB: No module named 'sqlalchemy'
[2026-07-21 23:01:39] [INFO] [security.audit_trail:69] [SECURITY AUDIT LOG] UPLOAD_DOC by user1@example.com (Partner) | Hash: 48ed5ed08286f356...
[2026-07-21 23:01:39] [WARNING] [security.audit_trail:88] Failed to persist audit log to DB: No module named 'sqlalchemy'
[2026-07-21 23:18:01] [INFO] [root:52] Initialized application logging -> /Users/aryanyadav/Desktop/PROJECTS/Audit/logs/finauditpro.log
[2026-07-21 23:18:01] [INFO] [deployment.migration:42] Applied Database Migration 1: WAL mode enabled.
